0 info it worked if it ends with ok
1 verbose cli [ 'C:\\Program Files\\nodejs\\node.exe',
1 verbose cli   'C:\\Program Files\\nodejs\\node_modules\\npm\\bin\\npm-cli.js',
1 verbose cli   'run',
1 verbose cli   'dev' ]
2 info using npm@3.10.10
3 info using node@v6.11.0
4 verbose run-script [ 'predev', 'dev', 'postdev' ]
5 info lifecycle backend@1.0.0~predev: backend@1.0.0
6 silly lifecycle backend@1.0.0~predev: no script for predev, continuing
7 info lifecycle backend@1.0.0~dev: backend@1.0.0
8 verbose lifecycle backend@1.0.0~dev: unsafe-perm in lifecycle true
9 verbose lifecycle backend@1.0.0~dev: PATH: C:\Program Files\nodejs\node_modules\npm\bin\node-gyp-bin;C:\Users\felipe.sangiorge\Documents\WebProjects\getMyRemedyBack\node_modules\.bin;C:\totvs\CorporeRM\API;C:\ProgramData\Oracle\Java\javapath;C:\Program Files (x86)\Intel\iCLS Client\;C:\Program Files\Intel\iCLS Client\;C:\WINDOWS\system32;C:\WINDOWS;C:\WINDOWS\System32\Wbem;C:\WINDOWS\System32\WindowsPowerShell\v1.0\;C:\Program Files\Intel\Intel(R) Management Engine Components\DAL;C:\Program Files\Intel\Intel(R) Management Engine Components\IPT;C:\Program Files (x86)\Intel\Intel(R) Management Engine Components\DAL;C:\Program Files (x86)\Intel\Intel(R) Management Engine Components\IPT;C:\Program Files (x86)\Common Files\Roxio Shared\DLLShared\;C:\Program Files (x86)\Common Files\Roxio Shared\OEM\DLLShared\;C:\Program Files (x86)\Common Files\Roxio Shared\OEM\12.0\DLLShared\;C:\Program Files (x86)\Roxio\OEM\AudioCore\;c:\Program Files (x86)\Microsoft SQL Server\90\Tools\binn\;C:\Program Files\TortoiseSVN\bin;C:\Program Files\Microsoft SQL Server\Client SDK\ODBC\110\Tools\Binn\;C:\Program Files (x86)\Microsoft SQL Server\120\Tools\Binn\;C:\Program Files\Microsoft SQL Server\120\Tools\Binn\;C:\Program Files\Microsoft SQL Server\120\DTS\Binn\;C:\Program Files (x86)\Microsoft SQL Server\120\Tools\Binn\ManagementStudio\;C:\Program Files (x86)\Microsoft SQL Server\120\DTS\Binn\;C:\Program Files\Git\cmd;C:\xampp7\php;C:\Program Files\nodejs;C:\ProgramData\ComposerSetup\bin;C:\totvs\CorporeRM\API;C:\Users\felipe.sangiorge\AppData\Local\Microsoft\WindowsApps;C:\Users\felipe.sangiorge\AppData\Roaming\Composer\vendor\bin;C:\Program Files\nodejs;C:\Program Files\MongoDB\Server\3.4\bin;C:\Users\felipe.sangiorge\AppData\Roaming\npm;C:\Program Files\nodejs\node_modules\npm\bin;
10 verbose lifecycle backend@1.0.0~dev: CWD: C:\Users\felipe.sangiorge\Documents\WebProjects\getMyRemedyBack
11 silly lifecycle backend@1.0.0~dev: Args: [ '/d /s /c', 'nodemon' ]
12 silly lifecycle backend@1.0.0~dev: Returned: code: 1  signal: null
13 info lifecycle backend@1.0.0~dev: Failed to exec dev script
14 verbose stack Error: backend@1.0.0 dev: `nodemon`
14 verbose stack Exit status 1
14 verbose stack     at EventEmitter.<anonymous> (C:\Program Files\nodejs\node_modules\npm\lib\utils\lifecycle.js:255:16)
14 verbose stack     at emitTwo (events.js:106:13)
14 verbose stack     at EventEmitter.emit (events.js:191:7)
14 verbose stack     at ChildProcess.<anonymous> (C:\Program Files\nodejs\node_modules\npm\lib\utils\spawn.js:40:14)
14 verbose stack     at emitTwo (events.js:106:13)
14 verbose stack     at ChildProcess.emit (events.js:191:7)
14 verbose stack     at maybeClose (internal/child_process.js:891:16)
14 verbose stack     at Process.ChildProcess._handle.onexit (internal/child_process.js:226:5)
15 verbose pkgid backend@1.0.0
16 verbose cwd C:\Users\felipe.sangiorge\Documents\WebProjects\getMyRemedyBack\config
17 error Windows_NT 10.0.16299
18 error argv "C:\\Program Files\\nodejs\\node.exe" "C:\\Program Files\\nodejs\\node_modules\\npm\\bin\\npm-cli.js" "run" "dev"
19 error node v6.11.0
20 error npm  v3.10.10
21 error code ELIFECYCLE
22 error backend@1.0.0 dev: `nodemon`
22 error Exit status 1
23 error Failed at the backend@1.0.0 dev script 'nodemon'.
23 error Make sure you have the latest version of node.js and npm installed.
23 error If you do, this is most likely a problem with the backend package,
23 error not with npm itself.
23 error Tell the author that this fails on your system:
23 error     nodemon
23 error You can get information on how to open an issue for this project with:
23 error     npm bugs backend
23 error Or if that isn't available, you can get their info via:
23 error     npm owner ls backend
23 error There is likely additional logging output above.
24 verbose exit [ 1, true ]
